[I 2022-03-04 09:20:10.419 ServerApp] jupyterlab | extension was successfully linked.
[I 2022-03-04 09:20:11.164 ServerApp] jupyter_nbextensions_configurator | extension was found and enabled by nbclassic. Consider moving the extension to Jupyter Server's extension paths.
[I 2022-03-04 09:20:11.165 ServerApp] jupyter_nbextensions_configurator | extension was successfully linked.
[I 2022-03-04 09:20:11.165 ServerApp] nbclassic | extension was successfully linked.
[I 2022-03-04 09:20:11.165 ServerApp] webio_jupyter_extension.serverextension | extension was successfully linked.
[I 2022-03-04 09:20:11.238 ServerApp] nbclassic | extension was successfully loaded.
[I 2022-03-04 09:20:11.238 ServerApp] [jupyter_nbextensions_configurator] enabled 0.4.1
[I 2022-03-04 09:20:11.238 ServerApp] jupyter_nbextensions_configurator | extension was successfully loaded.
[I 2022-03-04 09:20:11.240 LabApp] JupyterLab extension loaded from /home/biotoml/.conda/envs/fucus/lib/python3.9/site-packages/jupyterlab
[I 2022-03-04 09:20:11.240 LabApp] JupyterLab application directory is /domus/h1/biotoml/.conda/envs/fucus/share/jupyter/lab
[I 2022-03-04 09:20:11.246 ServerApp] jupyterlab | extension was successfully loaded.
[I 2022-03-04 09:20:11.247 ServerApp] webio_jupyter_extension.serverextension | extension was successfully loaded.
[I 2022-03-04 09:20:11.248 ServerApp] Serving notebooks from local directory: /crex/proj/uppstore2018069/private/thomas/jupyter_tunnel
[I 2022-03-04 09:20:11.248 ServerApp] Jupyter Server 1.11.1 is running at:
[I 2022-03-04 09:20:11.248 ServerApp] http://r122.uppmax.uu.se:8844/lab?token=1c96151e1dd301089826ab7235c4a555012a79eaf4d5b73b
[I 2022-03-04 09:20:11.248 ServerApp]  or http://127.0.0.1:8844/lab?token=1c96151e1dd301089826ab7235c4a555012a79eaf4d5b73b
[I 2022-03-04 09:20:11.248 ServerApp] Use Control-C to stop this server and shut down all kernels (twice to skip confirmation).
[C 2022-03-04 09:20:11.255 ServerApp] 
    
    To access the server, open this file in a browser:
        file:///domus/h1/biotoml/.local/share/jupyter/runtime/jpserver-15479-open.html
    Or copy and paste one of these URLs:
        http://r122.uppmax.uu.se:8844/lab?token=1c96151e1dd301089826ab7235c4a555012a79eaf4d5b73b
     or http://127.0.0.1:8844/lab?token=1c96151e1dd301089826ab7235c4a555012a79eaf4d5b73b
